生成启动时间为 2021/2/26 10:56:37。
     1>项目“C:\Users\86152\Desktop\c\C语言初阶代码\C-\小试一下\小试一下\小试一下.vcxproj”在节点 2 上(build 个目标)。
     1>InitializeBuildStatus:
         正在对“Debug\小试一下.unsuccessfulbuild”执行 Touch 任务。
       ClCompile:
         E:\迅雷云盘\VC\bin\CL.exe /c /ZI /nologo /W3 /WX- /Od /Oy- /D WIN32 /D _DEBUG /D _CONSOLE /D _UNICODE /D UNICODE /Gm /EHsc /RTC1 /MDd /GS /fp:precise /Zc:wchar_t /Zc:forScope /Fo"Debug\\" /Fd"Debug\vc100.pdb" /Gd /TP /analyze- /errorReport:prompt add.cpp
         add.cpp
       ManifestResourceCompile:
         C:\Program Files (x86)\Microsoft SDKs\Windows\v7.0A\bin\rc.exe /nologo /fo"Debug\小试一下.exe.embed.manifest.res" "Debug\小试一下_manifest.rc" 
       Link:
         E:\迅雷云盘\VC\bin\link.exe /ERRORREPORT:PROMPT /OUT:"C:\Users\86152\Desktop\c\C语言初阶代码\C-\小试一下\Debug\小试一下.exe" /INCREMENTAL /NOLOGO kernel32.lib user32.lib gdi32.lib winspool.lib comdlg32.lib advapi32.lib shell32.lib ole32.lib oleaut32.lib uuid.lib odbc32.lib odbccp32.lib /MANIFEST /ManifestFile:"Debug\小试一下.exe.intermediate.manifest" /MANIFESTUAC:"level='asInvoker' uiAccess='false'" /DEBUG /PDB:"C:\Users\86152\Desktop\c\C语言初阶代码\C-\小试一下\Debug\小试一下.pdb" /SUBSYSTEM:CONSOLE /TLBID:1 /DYNAMICBASE /NXCOMPAT /IMPLIB:"C:\Users\86152\Desktop\c\C语言初阶代码\C-\小试一下\Debug\小试一下.lib" /MACHINE:X86 "Debug\小试一下.exe.embed.manifest.res"
         Debug\add.obj
       Manifest:
         C:\Program Files (x86)\Microsoft SDKs\Windows\v7.0A\bin\mt.exe /nologo /verbose /out:"Debug\小试一下.exe.embed.manifest" /manifest "Debug\小试一下.exe.intermediate.manifest"
         C:\Program Files (x86)\Microsoft SDKs\Windows\v7.0A\bin\rc.exe /nologo /fo"Debug\小试一下.exe.embed.manifest.res" "Debug\小试一下_manifest.rc" 
       LinkEmbedManifest:
         E:\迅雷云盘\VC\bin\link.exe /ERRORREPORT:PROMPT /OUT:"C:\Users\86152\Desktop\c\C语言初阶代码\C-\小试一下\Debug\小试一下.exe" /INCREMENTAL /NOLOGO kernel32.lib user32.lib gdi32.lib winspool.lib comdlg32.lib advapi32.lib shell32.lib ole32.lib oleaut32.lib uuid.lib odbc32.lib odbccp32.lib /MANIFEST /ManifestFile:"Debug\小试一下.exe.intermediate.manifest" /MANIFESTUAC:"level='asInvoker' uiAccess='false'" /DEBUG /PDB:"C:\Users\86152\Desktop\c\C语言初阶代码\C-\小试一下\Debug\小试一下.pdb" /SUBSYSTEM:CONSOLE /TLBID:1 /DYNAMICBASE /NXCOMPAT /IMPLIB:"C:\Users\86152\Desktop\c\C语言初阶代码\C-\小试一下\Debug\小试一下.lib" /MACHINE:X86 "Debug\小试一下.exe.embed.manifest.res"
         Debug\add.obj
         小试一下.vcxproj -> C:\Users\86152\Desktop\c\C语言初阶代码\C-\小试一下\Debug\小试一下.exe
       FinalizeBuildStatus:
         正在删除文件“Debug\小试一下.unsuccessfulbuild”。
         正在对“Debug\小试一下.lastbuildstate”执行 Touch 任务。
     1>已完成生成项目“C:\Users\86152\Desktop\c\C语言初阶代码\C-\小试一下\小试一下\小试一下.vcxproj”(build 个目标)的操作。

生成成功。

已用时间 00:00:00.90
