生成启动时间为 2021/1/25 21:53:41。
     1>项目“C:\Users\86152\Desktop\c\1.25\1.25\1.25.vcxproj”在节点 2 上(build 个目标)。
     1>InitializeBuildStatus:
         正在创建“Debug\1.25.unsuccessfulbuild”，因为已指定“AlwaysCreate”。
       ClCompile:
         所有输出均为最新。
       ManifestResourceCompile:
         所有输出均为最新。
       Link:
         E:\迅雷云盘\VC\bin\link.exe /ERRORREPORT:PROMPT /OUT:"C:\Users\86152\Desktop\c\1.25\Debug\1.25.exe" /INCREMENTAL /NOLOGO kernel32.lib user32.lib gdi32.lib winspool.lib comdlg32.lib advapi32.lib shell32.lib ole32.lib oleaut32.lib uuid.lib odbc32.lib odbccp32.lib /MANIFEST /ManifestFile:"Debug\1.25.exe.intermediate.manifest" /MANIFESTUAC:"level='asInvoker' uiAccess='false'" /DEBUG /PDB:"C:\Users\86152\Desktop\c\1.25\Debug\1.25.pdb" /SUBSYSTEM:CONSOLE /TLBID:1 /DYNAMICBASE /NXCOMPAT /IMPLIB:"C:\Users\86152\Desktop\c\1.25\Debug\1.25.lib" /MACHINE:X86 Debug\1.25.exe.embed.manifest.res
         "Debug\while语句.obj"
       Manifest:
         C:\Program Files (x86)\Microsoft SDKs\Windows\v7.0A\bin\mt.exe /nologo /verbose /out:"Debug\1.25.exe.embed.manifest" /manifest Debug\1.25.exe.intermediate.manifest
         所有输出均为最新。
       LinkEmbedManifest:
         所有输出均为最新。
         1.25.vcxproj -> C:\Users\86152\Desktop\c\1.25\Debug\1.25.exe
       FinalizeBuildStatus:
         正在删除文件“Debug\1.25.unsuccessfulbuild”。
         正在对“Debug\1.25.lastbuildstate”执行 Touch 任务。
     1>已完成生成项目“C:\Users\86152\Desktop\c\1.25\1.25\1.25.vcxproj”(build 个目标)的操作。

生成成功。

已用时间 00:00:00.21
