生成启动时间为 2021/2/18 22:13:49。
     1>项目“C:\Users\86152\Desktop\c\2.18\2.18\2.18.vcxproj”在节点 2 上(build 个目标)。
     1>InitializeBuildStatus:
         正在对“Debug\三子棋.unsuccessfulbuild”执行 Touch 任务。
       ClCompile:
         E:\迅雷云盘\VC\bin\CL.exe /c /ZI /nologo /W3 /WX- /Od /Oy- /D WIN32 /D _DEBUG /D _CONSOLE /D _UNICODE /D UNICODE /Gm /EHsc /RTC1 /MDd /GS /fp:precise /Zc:wchar_t /Zc:forScope /Fo"Debug\\" /Fd"Debug\vc100.pdb" /Gd /TC /analyze- /errorReport:prompt game.c
         game.c
       ManifestResourceCompile:
         所有输出均为最新。
       Link:
         E:\迅雷云盘\VC\bin\link.exe /ERRORREPORT:PROMPT /OUT:"C:\Users\86152\Desktop\c\2.18\Debug\三子棋.exe" /INCREMENTAL /NOLOGO kernel32.lib user32.lib gdi32.lib winspool.lib comdlg32.lib advapi32.lib shell32.lib ole32.lib oleaut32.lib uuid.lib odbc32.lib odbccp32.lib /MANIFEST /ManifestFile:"Debug\三子棋.exe.intermediate.manifest" /MANIFESTUAC:"level='asInvoker' uiAccess='false'" /DEBUG /PDB:"C:\Users\86152\Desktop\c\2.18\Debug\三子棋.pdb" /SUBSYSTEM:CONSOLE /TLBID:1 /DYNAMICBASE /NXCOMPAT /IMPLIB:"C:\Users\86152\Desktop\c\2.18\Debug\三子棋.lib" /MACHINE:X86 "Debug\三子棋.exe.embed.manifest.res"
         Debug\game.obj
         Debug\test.obj
       Manifest:
         C:\Program Files (x86)\Microsoft SDKs\Windows\v7.0A\bin\mt.exe /nologo /verbose /out:"Debug\三子棋.exe.embed.manifest" /manifest "Debug\三子棋.exe.intermediate.manifest"
         所有输出均为最新。
       LinkEmbedManifest:
         所有输出均为最新。
         2.18.vcxproj -> C:\Users\86152\Desktop\c\2.18\Debug\三子棋.exe
       FinalizeBuildStatus:
         正在删除文件“Debug\三子棋.unsuccessfulbuild”。
         正在对“Debug\三子棋.lastbuildstate”执行 Touch 任务。
     1>已完成生成项目“C:\Users\86152\Desktop\c\2.18\2.18\2.18.vcxproj”(build 个目标)的操作。

生成成功。

已用时间 00:00:00.39
