生成启动时间为 2021/3/13 14:10:49。
     1>项目“D:\C语言代码\c\C语言初阶代码\C-\3.13-2\3.13-2\3.13-2.vcxproj”在节点 2 上(build 个目标)。
     1>PrepareForBuild:
         正在创建目录“D:\C语言代码\c\C语言初阶代码\C-\3.13-2\Debug\”。
       InitializeBuildStatus:
         正在创建“Debug\3.13-2.unsuccessfulbuild”，因为已指定“AlwaysCreate”。
       ClCompile:
         E:\迅雷云盘\VC\bin\CL.exe /c /ZI /nologo /W3 /WX- /Od /Oy- /D WIN32 /D _DEBUG /D _CONSOLE /D _UNICODE /D UNICODE /Gm /EHsc /RTC1 /MDd /GS /fp:precise /Zc:wchar_t /Zc:forScope /Fo"Debug\\" /Fd"Debug\vc100.pdb" /Gd /TP /analyze- /errorReport:prompt "程序设计-15.cpp"
         程序设计-15.cpp
       ManifestResourceCompile:
         C:\Program Files (x86)\Microsoft SDKs\Windows\v7.0A\bin\rc.exe /nologo /fo"Debug\3.13-2.exe.embed.manifest.res" Debug\3.13-2_manifest.rc 
       Link:
         E:\迅雷云盘\VC\bin\link.exe /ERRORREPORT:PROMPT /OUT:"D:\C语言代码\c\C语言初阶代码\C-\3.13-2\Debug\3.13-2.exe" /INCREMENTAL /NOLOGO kernel32.lib user32.lib gdi32.lib winspool.lib comdlg32.lib advapi32.lib shell32.lib ole32.lib oleaut32.lib uuid.lib odbc32.lib odbccp32.lib /MANIFEST /ManifestFile:"Debug\3.13-2.exe.intermediate.manifest" /MANIFESTUAC:"level='asInvoker' uiAccess='false'" /DEBUG /PDB:"D:\C语言代码\c\C语言初阶代码\C-\3.13-2\Debug\3.13-2.pdb" /SUBSYSTEM:CONSOLE /TLBID:1 /DYNAMICBASE /NXCOMPAT /IMPLIB:"D:\C语言代码\c\C语言初阶代码\C-\3.13-2\Debug\3.13-2.lib" /MACHINE:X86 "Debug\3.13-2.exe.embed.manifest.res"
         "Debug\程序设计-15.obj"
       Manifest:
         C:\Program Files (x86)\Microsoft SDKs\Windows\v7.0A\bin\mt.exe /nologo /verbose /out:"Debug\3.13-2.exe.embed.manifest" /manifest "Debug\3.13-2.exe.intermediate.manifest"
         C:\Program Files (x86)\Microsoft SDKs\Windows\v7.0A\bin\rc.exe /nologo /fo"Debug\3.13-2.exe.embed.manifest.res" Debug\3.13-2_manifest.rc 
       LinkEmbedManifest:
         E:\迅雷云盘\VC\bin\link.exe /ERRORREPORT:PROMPT /OUT:"D:\C语言代码\c\C语言初阶代码\C-\3.13-2\Debug\3.13-2.exe" /INCREMENTAL /NOLOGO kernel32.lib user32.lib gdi32.lib winspool.lib comdlg32.lib advapi32.lib shell32.lib ole32.lib oleaut32.lib uuid.lib odbc32.lib odbccp32.lib /MANIFEST /ManifestFile:"Debug\3.13-2.exe.intermediate.manifest" /MANIFESTUAC:"level='asInvoker' uiAccess='false'" /DEBUG /PDB:"D:\C语言代码\c\C语言初阶代码\C-\3.13-2\Debug\3.13-2.pdb" /SUBSYSTEM:CONSOLE /TLBID:1 /DYNAMICBASE /NXCOMPAT /IMPLIB:"D:\C语言代码\c\C语言初阶代码\C-\3.13-2\Debug\3.13-2.lib" /MACHINE:X86 "Debug\3.13-2.exe.embed.manifest.res"
         "Debug\程序设计-15.obj"
         3.13-2.vcxproj -> D:\C语言代码\c\C语言初阶代码\C-\3.13-2\Debug\3.13-2.exe
       FinalizeBuildStatus:
         正在删除文件“Debug\3.13-2.unsuccessfulbuild”。
         正在对“Debug\3.13-2.lastbuildstate”执行 Touch 任务。
     1>已完成生成项目“D:\C语言代码\c\C语言初阶代码\C-\3.13-2\3.13-2\3.13-2.vcxproj”(build 个目标)的操作。

生成成功。

已用时间 00:00:02.74
